  Kalkulator.cpp
  Main.cpp
C:\Users\NITRO\Desktop\ProjekatOOP2\ProjekatOOP2LukaPopovic\ProjekatOOP2LukaPopovic\Main.cpp(33,29): warning C4267: '=': conversion from 'size_t' to 'int', possible loss of data
C:\Users\NITRO\Desktop\ProjekatOOP2\ProjekatOOP2LukaPopovic\ProjekatOOP2LukaPopovic\Main.cpp(86,78): warning C4267: 'argument': conversion from 'size_t' to 'unsigned int', possible loss of data
C:\Users\NITRO\Desktop\ProjekatOOP2\ProjekatOOP2LukaPopovic\ProjekatOOP2LukaPopovic\Main.cpp(92,7): warning C4267: 'argument': conversion from 'size_t' to 'unsigned int', possible loss of data
C:\Users\NITRO\Desktop\ProjekatOOP2\ProjekatOOP2LukaPopovic\ProjekatOOP2LukaPopovic\Main.cpp(124,7): warning C4267: 'argument': conversion from 'size_t' to 'unsigned int', possible loss of data
C:\Users\NITRO\Desktop\ProjekatOOP2\ProjekatOOP2LukaPopovic\ProjekatOOP2LukaPopovic\Main.cpp(130,72): warning C4267: 'argument': conversion from 'size_t' to 'unsigned int', possible loss of data
C:\Users\NITRO\Desktop\ProjekatOOP2\ProjekatOOP2LukaPopovic\ProjekatOOP2LukaPopovic\Main.cpp(141,8): warning C4267: 'argument': conversion from 'size_t' to 'unsigned int', possible loss of data
C:\Users\NITRO\Desktop\ProjekatOOP2\ProjekatOOP2LukaPopovic\ProjekatOOP2LukaPopovic\Main.cpp(149,73): warning C4267: 'argument': conversion from 'size_t' to 'unsigned int', possible loss of data
C:\Users\NITRO\Desktop\ProjekatOOP2\ProjekatOOP2LukaPopovic\ProjekatOOP2LukaPopovic\Main.cpp(191,7): warning C4267: 'argument': conversion from 'size_t' to 'unsigned int', possible loss of data
C:\Users\NITRO\Desktop\ProjekatOOP2\ProjekatOOP2LukaPopovic\ProjekatOOP2LukaPopovic\Main.cpp(197,72): warning C4267: 'argument': conversion from 'size_t' to 'unsigned int', possible loss of data
C:\Users\NITRO\Desktop\ProjekatOOP2\ProjekatOOP2LukaPopovic\ProjekatOOP2LukaPopovic\Main.cpp(203,8): warning C4267: 'argument': conversion from 'size_t' to 'unsigned int', possible loss of data
C:\Users\NITRO\Desktop\ProjekatOOP2\ProjekatOOP2LukaPopovic\ProjekatOOP2LukaPopovic\Main.cpp(209,73): warning C4267: 'argument': conversion from 'size_t' to 'unsigned int', possible loss of data
  Token.cpp
  TokenStream.cpp
  Generating Code...
C:\Users\NITRO\Desktop\ProjekatOOP2\ProjekatOOP2LukaPopovic\ProjekatOOP2LukaPopovic\TokenStream.cpp(58): warning C4715: 'Token_stream::get': not all control paths return a value
C:\Users\NITRO\Desktop\ProjekatOOP2\ProjekatOOP2LukaPopovic\ProjekatOOP2LukaPopovic\Kalkulator.cpp(74): warning C4715: 'primary': not all control paths return a value
C:\Users\NITRO\Desktop\ProjekatOOP2\ProjekatOOP2LukaPopovic\ProjekatOOP2LukaPopovic\Kalkulator.cpp(30): warning C4715: 'get_value': not all control paths return a value
  ProjekatOOP2LukaPopovic.vcxproj -> C:\Users\NITRO\Desktop\ProjekatOOP2\ProjekatOOP2LukaPopovic\x64\Debug\ProjekatOOP2LukaPopovic.exe
